<?xml version="1.0" encoding="UTF-8"?>
<testsuite xmlns:xsi="http://www.w3.org/2001/XMLSchema-instance" xsi:noNamespaceSchemaLocation="https://maven.apache.org/surefire/maven-surefire-plugin/xsd/surefire-test-report.xsd" version="3.0.2" name="com.firstclub.membership.MembershipApiIntegrationTest" time="1.296" tests="8" errors="0" skipped="0" failures="0">
  <properties>
[...]
</properties>
  <testcase name="shouldExposeSeededPlansAndTiers" classname="com.firstclub.membership.MembershipApiIntegrationTest" time="0.385">
    <system-out><![CDATA[21:50:36.707 [main] INFO org.springframework.test.context.support.AnnotationConfigContextLoaderUtils -- Could not detect default configuration classes for test class [com.firstclub.membership.MembershipApiIntegrationTest]: MembershipApiIntegrationTest does not declare any static, non-private, non-final, nested classes annotated with @Configuration.
21:50:36.748 [main] INFO org.springframework.boot.test.context.SpringBootTestContextBootstrapper -- Found @SpringBootConfiguration com.firstclub.membership.MembershipServiceApplication for test class com.firstclub.membership.MembershipApiIntegrationTest

  .   ____          _            __ _ _
 /\\ / ___'_ __ _ _(_)_ __  __ _ \ \ \ \
( ( )\___ | '_ | '_| | '_ \/ _` | \ \ \ \
 \\/  ___)| |_)| | | | | || (_| |  ) ) ) )
  '  |____| .__|_| |_|_| |_\__, | / / / /
 =========|_|==============|___/=/_/_/_/

 :: Spring Boot ::                (v3.4.5)

2026-05-24T21:50:36.885+05:30  INFO 29977 --- [membership-service] [           main] c.f.m.MembershipApiIntegrationTest       : Starting MembershipApiIntegrationTest using Java 21.0.8 with PID 29977 (started by vikrambishnoi in /Users/vikrambishnoi/Documents/Codex/2026-05-23/membership-service-firstclub)
2026-05-24T21:50:36.886+05:30  INFO 29977 --- [membership-service] [           main] c.f.m.MembershipApiIntegrationTest       : No active profile set, falling back to 1 default profile: "default"
2026-05-24T21:50:37.420+05:30  INFO 29977 --- [membership-service] [           main] o.s.b.t.m.w.SpringBootMockServletContext : Initializing Spring TestDispatcherServlet ''
2026-05-24T21:50:37.421+05:30  INFO 29977 --- [membership-service] [           main] o.s.t.web.servlet.TestDispatcherServlet  : Initializing Servlet ''
2026-05-24T21:50:37.424+05:30  INFO 29977 --- [membership-service] [           main] o.s.b.a.e.web.EndpointLinksResolver      : Exposing 2 endpoints beneath base path '/actuator'
2026-05-24T21:50:37.427+05:30  INFO 29977 --- [membership-service] [           main] o.s.t.web.servlet.TestDispatcherServlet  : Completed initialization in 5 ms
2026-05-24T21:50:37.450+05:30  INFO 29977 --- [membership-service] [           main] c.f.m.MembershipApiIntegrationTest       : Started MembershipApiIntegrationTest in 0.663 seconds (process running for 0.963)
]]></system-out>
    <system-err><![CDATA[Mockito is currently self-attaching to enable the inline-mock-maker. This will no longer work in future releases of the JDK. Please add Mockito as an agent to your build what is described in Mockito's documentation: https://javadoc.io/doc/org.mockito/mockito-core/latest/org/mockito/Mockito.html#0.3
WARNING: A Java agent has been loaded dynamically (/Users/vikrambishnoi/.m2/repository/net/bytebuddy/byte-buddy-agent/1.15.11/byte-buddy-agent-1.15.11.jar)
WARNING: If a serviceability tool is in use, please run with -XX:+EnableDynamicAgentLoading to hide this warning
WARNING: If a serviceability tool is not in use, please run with -Djdk.instrument.traceUsage for more information
WARNING: Dynamic loading of agents will be disallowed by default in a future release
]]></system-err>
  </testcase>
  <testcase name="shouldReturnCustomMessageWhenSubscriptionIsMissing" classname="com.firstclub.membership.MembershipApiIntegrationTest" time="0.008"/>
  <testcase name="shouldReturnValidationDetailsForBadRequest" classname="com.firstclub.membership.MembershipApiIntegrationTest" time="0.029"/>
  <testcase name="shouldRecommendPlatinumWhenVipMeetsOrderCriteria" classname="com.firstclub.membership.MembershipApiIntegrationTest" time="0.025"/>
  <testcase name="shouldRecommendGoldTierFromMonthlyOrderMetrics" classname="com.firstclub.membership.MembershipApiIntegrationTest" time="0.006"/>
  <testcase name="shouldReturnCustomMessageWhenUserAlreadyHasActiveSubscription" classname="com.firstclub.membership.MembershipApiIntegrationTest" time="0.003"/>
  <testcase name="shouldManageSubscriptionLifecycle" classname="com.firstclub.membership.MembershipApiIntegrationTest" time="0.005"/>
  <testcase name="shouldNotRecommendTierWhenUserHasNoActiveSubscription" classname="com.firstclub.membership.MembershipApiIntegrationTest" time="0.002"/>
</testsuite>